<?xml version='1.0' encoding='UTF-8'?>
<testsuite hostname="YangtekiMacBook-Air.local" name="org.apache.spark.sql.execution.DiskPartitionSuite" tests="2" errors="0" failures="0" time="0.547">
                     <properties>
[...]
</properties>
                     <testcase classname="org.apache.spark.sql.execution.DiskPartitionSuite" name="disk partition" time="0.544">
                                                 
                                               </testcase><testcase classname="org.apache.spark.sql.execution.DiskPartitionSuite" name="close input" time="0.003">
                                                 
                                               </testcase>
                     <system-out></system-out>
                     <system-err></system-err>
                   </testsuite>